# JRE version: Java(TM) SE Runtime Environment (8.0_101-b13) (build 1.8.0_101-b13)
# Java VM: Java HotSpot(TM) 64-Bit Server VM (25.101-b13 mixed mode bsd-amd64 compressed oops)
Heap:
 garbage-first heap   total 262144K, used 154509K [0x0000000780000000, 0x0000000780100800, 0x00000007c0000000)
  region size 1024K, 44 young (45056K), 6 survivors (6144K)
 Metaspace       used 136779K, capacity 149140K, committed 149348K, reserved 1179648K
  class space    used 16064K, capacity 19793K, committed 19812K, reserved 1048576K
GC Heap History (10 events):
Event: 23504.002 GC heap before
{Heap before GC invocations=124 (full 0):
 garbage-first heap   total 262144K, used 134294K [0x0000000780000000, 0x0000000780100800, 0x00000007c0000000)
  region size 1024K, 12 young (12288K), 2 survivors (2048K)
 Metaspace       used 136637K, capacity 148948K, committed 149092K, reserved 1179648K
  class space    used 16064K, capacity 19793K, committed 19812K, reserved 1048576K
Event: 23504.015 GC heap after
Heap after GC invocations=125 (full 0):
 garbage-first heap   total 262144K, used 110842K [0x0000000780000000, 0x0000000780100800, 0x00000007c0000000)
  region size 1024K, 2 young (2048K), 2 survivors (2048K)
 Metaspace       used 136637K, capacity 148948K, committed 149092K, reserved 1179648K
  class space    used 16064K, capacity 19793K, committed 19812K, reserved 1048576K
}
Event: 23504.985 GC heap before
{Heap before GC invocations=125 (full 0):
 garbage-first heap   total 262144K, used 121082K [0x0000000780000000, 0x0000000780100800, 0x00000007c0000000)
  region size 1024K, 12 young (12288K), 2 survivors (2048K)
 Metaspace       used 136638K, capacity 148948K, committed 149092K, reserved 1179648K
  class space    used 16064K, capacity 19793K, committed 19812K, reserved 1048576K
Event: 23504.999 GC heap after
Heap after GC invocations=126 (full 0):
 garbage-first heap   total 262144K, used 111672K [0x0000000780000000, 0x0000000780100800, 0x00000007c0000000)
  region size 1024K, 1 young (1024K), 1 survivors (1024K)
 Metaspace       used 136638K, capacity 148948K, committed 149092K, reserved 1179648K
  class space    used 16064K, capacity 19793K, committed 19812K, reserved 1048576K
}
Event: 23537.377 GC heap before
{Heap before GC invocations=126 (full 0):
 garbage-first heap   total 262144K, used 227384K [0x0000000780000000, 0x0000000780100800, 0x00000007c0000000)
  region size 1024K, 114 young (116736K), 1 survivors (1024K)
 Metaspace       used 136647K, capacity 148948K, committed 149092K, reserved 1179648K
  class space    used 16064K, capacity 19793K, committed 19812K, reserved 1048576K
Event: 23537.387 GC heap after
Heap after GC invocations=127 (full 0):
 garbage-first heap   total 262144K, used 111592K [0x0000000780000000, 0x0000000780100800, 0x00000007c0000000)
  region size 1024K, 1 young (1024K), 1 survivors (1024K)
 Metaspace       used 136647K, capacity 148948K, committed 149092K, reserved 1179648K
  class space    used 16064K, capacity 19793K, committed 19812K, reserved 1048576K
}
Event: 23554.416 GC heap before
{Heap before GC invocations=127 (full 0):
 garbage-first heap   total 262144K, used 228328K [0x0000000780000000, 0x0000000780100800, 0x00000007c0000000)
  region size 1024K, 115 young (117760K), 1 survivors (1024K)
 Metaspace       used 136666K, capacity 148948K, committed 149092K, reserved 1179648K
  class space    used 16064K, capacity 19793K, committed 19812K, reserved 1048576K
Event: 23554.425 GC heap after
Heap after GC invocations=128 (full 0):
 garbage-first heap   total 262144K, used 113322K [0x0000000780000000, 0x0000000780100800, 0x00000007c0000000)
  region size 1024K, 3 young (3072K), 3 survivors (3072K)
 Metaspace       used 136666K, capacity 148948K, committed 149092K, reserved 1179648K
  class space    used 16064K, capacity 19793K, committed 19812K, reserved 1048576K
}
Event: 23568.184 GC heap before
{Heap before GC invocations=128 (full 0):
 garbage-first heap   total 262144K, used 229034K [0x0000000780000000, 0x0000000780100800, 0x00000007c0000000)
  region size 1024K, 116 young (118784K), 3 survivors (3072K)
 Metaspace       used 136702K, capacity 148948K, committed 149092K, reserved 1179648K
  class space    used 16064K, capacity 19793K, committed 19812K, reserved 1048576K
Event: 23568.194 GC heap after
Heap after GC invocations=129 (full 0):
 garbage-first heap   total 262144K, used 116621K [0x0000000780000000, 0x0000000780100800, 0x00000007c0000000)
  region size 1024K, 6 young (6144K), 6 survivors (6144K)
 Metaspace       used 136702K, capacity 148948K, committed 149092K, reserved 1179648K
  class space    used 16064K, capacity 19793K, committed 19812K, reserved 1048576K
}

